<?xml version="1.0" encoding="UTF-8"?>
<!-- Generated by org.testng.reporters.JUnitXMLReporter -->
<testsuite ignored="0" hostname="DESKTOP-F2ERV7K" failures="0" tests="3" name="Surefire test" time="0.034" errors="0" timestamp="2022-02-13T14:31:56 IST">
  <testcase classname="qaclickacademy.Mavenjava.APImavenTest" name="APIMavne" time="0.004"/>
  <testcase classname="qaclickacademy.Mavenjava.AppiumMavenTest" name="appiumMaven" time="0.0"/>
  <testcase classname="qaclickacademy.Mavenjava.SeleniumMavenTest" name="seleniumMaven" time="0.0"/>
</testsuite> <!-- Surefire test -->
