<?xml version="1.0" encoding="UTF-8"?>
<!-- Generated by org.testng.reporters.JUnitXMLReporter -->
<testsuite ignored="0" hostname="DESKTOP-F2ERV7K" failures="0" tests="3" name="Test" time="0.068" errors="0" timestamp="2022-02-13T17:14:11 IST">
  <testcase classname="qaclickacademy.Mavenjava.SeleniumMavenTest" name="seleniumMaven" time="0.02"/>
  <testcase classname="qaclickacademy.Mavenjava.AppiumMavenTest" name="appiumMaven" time="0.001"/>
  <testcase classname="qaclickacademy.Mavenjava.APImavenTest" name="APIMavne" time="0.0"/>
</testsuite> <!-- Test -->
